<?xml version="1.0" encoding="UTF-8"?>
<testng-results skipped="0" failed="1" total="1" passed="0">
  <reporter-output>
  </reporter-output>
  <suite name="Default suite" duration-ms="14229" started-at="2016-09-09T06:16:21Z" finished-at="2016-09-09T06:16:35Z">
    <groups>
    </groups>
    <test name="Default test" duration-ms="14229" started-at="2016-09-09T06:16:21Z" finished-at="2016-09-09T06:16:35Z">
      <class name="common.HeaderTest">
        <test-method status="PASS" signature="beforeSuite()[pri:0, instance:common.HeaderTest@4883b407]" name="beforeSuite" is-config="true" duration-ms="10" started-at="2016-09-09T13:16:21Z" finished-at="2016-09-09T13:16:21Z">
          <reporter-output>
          </reporter-output>
        </test-method> <!-- beforeSuite -->
        <test-method status="PASS" signature="beforeTest()[pri:0, instance:common.HeaderTest@4883b407]" name="beforeTest" is-config="true" duration-ms="5995" started-at="2016-09-09T13:16:21Z" finished-at="2016-09-09T13:16:27Z">
          <reporter-output>
          </reporter-output>
        </test-method> <!-- beforeTest -->
        <test-method status="PASS" signature="beforeClass()[pri:0, instance:common.HeaderTest@4883b407]" name="beforeClass" is-config="true" duration-ms="0" started-at="2016-09-09T13:16:27Z" finished-at="2016-09-09T13:16:27Z">
          <reporter-output>
          </reporter-output>
        </test-method> <!-- beforeClass -->
        <test-method status="PASS" signature="beforeMethod()[pri:0, instance:common.HeaderTest@4883b407]" name="beforeMethod" is-config="true" duration-ms="0" started-at="2016-09-09T13:16:27Z" finished-at="2016-09-09T13:16:27Z">
          <reporter-output>
          </reporter-output>
        </test-method> <!-- beforeMethod -->
        <test-method status="FAIL" signature="createNewHeader()[pri:0, instance:common.HeaderTest@4883b407]" name="createNewHeader" duration-ms="8211" started-at="2016-09-09T13:16:27Z" finished-at="2016-09-09T13:16:35Z">
          <exception class="java.lang.NullPointerException">
            <full-stacktrace>
              <![CDATA[java.lang.NullPointerException
	at mypackage.Dashboad.gotoHeaderList(Dashboad.java:29)
	at common.HeaderTest.createNewHeader(HeaderTest.java:36)
	at sun.reflect.NativeMethodAccessorImpl.invoke0(Native Method)
	at sun.reflect.NativeMethodAccessorImpl.invoke(Unknown Source)
	at sun.reflect.DelegatingMethodAccessorImpl.invoke(Unknown Source)
	at java.lang.reflect.Method.invoke(Unknown Source)
	at org.testng.internal.MethodInvocationHelper.invokeMethod(MethodInvocationHelper.java:100)
	at org.testng.internal.Invoker.invokeMethod(Invoker.java:646)
	at org.testng.internal.Invoker.invokeTestMethod(Invoker.java:811)
	at org.testng.internal.Invoker.invokeTestMethods(Invoker.java:1129)
	at org.testng.internal.TestMethodWorker.invokeTestMethods(TestMethodWorker.java:129)
	at org.testng.internal.TestMethodWorker.run(TestMethodWorker.java:112)
	at org.testng.TestRunner.privateRun(TestRunner.java:746)
	at org.testng.TestRunner.run(TestRunner.java:600)
	at org.testng.SuiteRunner.runTest(SuiteRunner.java:366)
	at org.testng.SuiteRunner.runSequentially(SuiteRunner.java:361)
	at org.testng.SuiteRunner.privateRun(SuiteRunner.java:319)
	at org.testng.SuiteRunner.run(SuiteRunner.java:268)
	at org.testng.SuiteRunnerWorker.runSuite(SuiteRunnerWorker.java:52)
	at org.testng.SuiteRunnerWorker.run(SuiteRunnerWorker.java:86)
	at org.testng.TestNG.runSuitesSequentially(TestNG.java:1264)
	at org.testng.TestNG.runSuitesLocally(TestNG.java:1189)
	at org.testng.TestNG.runSuites(TestNG.java:1104)
	at org.testng.TestNG.run(TestNG.java:1076)
	at org.testng.remote.AbstractRemoteTestNG.run(AbstractRemoteTestNG.java:126)
	at org.testng.remote.RemoteTestNG.initAndRun(RemoteTestNG.java:152)
	at org.testng.remote.RemoteTestNG.main(RemoteTestNG.java:57)
]]>
            </full-stacktrace>
          </exception> <!-- java.lang.NullPointerException -->
          <reporter-output>
          </reporter-output>
        </test-method> <!-- createNewHeader -->
        <test-method status="PASS" signature="afterMethod()[pri:0, instance:common.HeaderTest@4883b407]" name="afterMethod" is-config="true" duration-ms="1" started-at="2016-09-09T13:16:35Z" finished-at="2016-09-09T13:16:35Z">
          <reporter-output>
          </reporter-output>
        </test-method> <!-- afterMethod -->
        <test-method status="PASS" signature="afterClass()[pri:0, instance:common.HeaderTest@4883b407]" name="afterClass" is-config="true" duration-ms="0" started-at="2016-09-09T13:16:35Z" finished-at="2016-09-09T13:16:35Z">
          <reporter-output>
          </reporter-output>
        </test-method> <!-- afterClass -->
        <test-method status="PASS" signature="afterTest()[pri:0, instance:common.HeaderTest@4883b407]" name="afterTest" is-config="true" duration-ms="0" started-at="2016-09-09T13:16:35Z" finished-at="2016-09-09T13:16:35Z">
          <reporter-output>
          </reporter-output>
        </test-method> <!-- afterTest -->
        <test-method status="PASS" signature="afterSuite()[pri:0, instance:common.HeaderTest@4883b407]" name="afterSuite" is-config="true" duration-ms="1" started-at="2016-09-09T13:16:35Z" finished-at="2016-09-09T13:16:35Z">
          <reporter-output>
          </reporter-output>
        </test-method> <!-- afterSuite -->
      </class> <!-- common.HeaderTest -->
    </test> <!-- Default test -->
  </suite> <!-- Default suite -->
</testng-results>
